[2022/05/31 15:03:53.868 +08:00] [INFO] [version.go:32] ["Welcome to autoDG"] ["Release Version"=V2022-05-23] ["Git Commit Hash"=None] ["Git Branch"=Lixora] ["UTC Build Time"=2022-05-23] ["Go Version"=go1.16.4] ["Release Version"=HuangLinjie-17767151782]
[2022/05/31 15:03:53.909 +08:00] [INFO] [version.go:40] ["autoDG config"] [config="{\"source\":{\"username\":\"system\",\"password\":\"oracle\",\"host\":\"192.168.1.8\",\"port\":1521,\"service-name\":\"crm\",\"connect-params\":\"poolMinSessions=10\\u0026poolMaxSessions=1000\\u0026poolWaitTimeout=60s\\u0026poolSessionMaxLifetime=1h\\u0026poolSessionTimeout=5m\\u0026poolIncrement=10\\u0026timezone=Local\",\"session-params\":[\"select * from dual\"],\"rootpwd\":\"root1234\",\"primary-oracle-home\":\"/oracle/app/oracle/product/11.2.0/db\",\"primary-grid-home\":\"/oracle/app/oracle/product/11.2.0/db\",\"primary-oracle-home-owner\":\"oracle\",\"primary-grid-home-owner\":\"grid\",\"standby-oracle-base\":\".\",\"standby-oracle-home\":\".\",\"standby-grid-home\":\".\",\"standby-oracle-home-owner\":\"oracle\",\"standby-grid-home-owner\":\"grid\",\"primary-data-dg\":\"+NGPDATA01\",\"standby-data-dg\":\"+NGPDATA01\",\"standby-host-ips\":[\"192.168.1.2\",\"192.179.1.3\"],\"OracleDBname\":\"\",\"OracleSid\":\"\",\"OracleUniqname\":\"\",\"IsRAC\":\"\"},\"log\":{\"log-level\":\"debug\",\"log-file\":\"./conf/autoDG.log\",\"max-size\":128,\"max-days\":7,\"max-backups\":30}}"]
[2022/05/31 15:04:00.883 +08:00] [INFO] [server.go:33] ["prepare DG"] ["Check Primary DB version "=]
[2022/05/31 15:04:01.006 +08:00] [INFO] [server.go:49] ["prepare DG"] ["Get Primary DB  oracle_sid"=]
[2022/05/31 15:04:01.015 +08:00] [INFO] [oracle.go:14] ["get oracle oracle_sid start"]
[2022/05/31 15:04:01.161 +08:00] [INFO] [oracle.go:23] ["get oracle oracle_sid finished"] [CMDS="select value from v$parameter where NAME='instance_name'"] [cost=146.5396ms]
[2022/05/31 15:04:01.161 +08:00] [INFO] [server.go:57] ["prepare DG"] ["Get Primary DB  db_name"=]
[2022/05/31 15:04:01.309 +08:00] [INFO] [server.go:61] ["prepare DG"] ["Get Primary DB  db_name"=crm]
[2022/05/31 15:04:01.309 +08:00] [INFO] [server.go:65] ["prepare DG"] ["Get Primary DB db_unique_name"=]
[2022/05/31 15:04:01.526 +08:00] [INFO] [server.go:72] ["prepare DG"] ["Get Primary DB (Sinage & RAC)"=]
[2022/05/31 15:04:01.688 +08:00] [INFO] [server.go:76] ["prepare DG"] ["Get Primary DB (Sinage & RAC)"="##This is a Single node DataBase"]
[2022/05/31 15:04:01.689 +08:00] [INFO] [server.go:86] ["prepare DG"] ["Check Primary DB arch log mode"=]
[2022/05/31 15:04:01.821 +08:00] [INFO] [server.go:97] ["prepare DG"] ["Check Primary DB FORCE_LOGGING mode "=]
[2022/05/31 15:04:02.010 +08:00] [INFO] [server.go:111] ["prepare DG"] ["Check Primary DB orapw file"=]
[2022/05/31 15:04:02.829 +08:00] [INFO] [server.go:126] ["prepare DG"] ["Download Primary DB orapw file "=/oracle/app/oracle/product/11.2.0/db/dbs/orapwcrm]
[2022/05/31 15:04:04.191 +08:00] [INFO] [server.go:131] ["prepare DG"] ["Update Primary DB tnsnames.ora file "=]
[2022/05/31 15:04:04.984 +08:00] [INFO] [server.go:136] ["prepare DG"] ["Download Primary DB tnsnames.ora file "=]
[2022/05/31 15:04:06.331 +08:00] [INFO] [server.go:142] ["prepare DG"] ["Init standby DB tnsnames.ora file "=/oracle/app/oracle/product/11.2.0/db/network/admin/tnsnames.ora]
[2022/05/31 15:04:06.331 +08:00] [INFO] [server.go:144] ["prepare DG"] ["Init standby DB orapw file "=./dbs/orapwcrm]
[2022/05/31 15:04:06.332 +08:00] [INFO] [server.go:151] ["prepare DG"] ["Init standby DB listener.ora file "=./network/admin/tnsnames.ora]
[2022/05/31 15:04:06.367 +08:00] [INFO] [server.go:158] ["prepare DG"] ["Startup standby DB listener "="Listener starting........."]
[2022/05/31 15:04:06.405 +08:00] [INFO] [server.go:163] ["prepare DG"] ["Init standby DB pfile "="pfile initing........."]
[2022/05/31 15:04:06.438 +08:00] [INFO] [server.go:169] ["prepare DG"] ["Startup standby Instance "=./dbs/pfilecrm]
[2022/05/31 15:04:06.484 +08:00] [INFO] [server.go:181] ["prepare DG"] ["Startup RMAN Duplicate Database From Active database "=crm]
[2022/05/31 15:31:18.243 +08:00] [INFO] [version.go:32] ["Welcome to autoDG"] ["Release Version"=V2022-05-23] ["Git Commit Hash"=None] ["Git Branch"=Lixora] ["UTC Build Time"=2022-05-23] ["Go Version"=go1.16.4] ["Release Version"=HuangLinjie-17767151782]
[2022/05/31 15:31:18.283 +08:00] [INFO] [version.go:40] ["autoDG config"] [config="{\"source\":{\"username\":\"system\",\"password\":\"oracle\",\"host\":\"192.168.1.8\",\"port\":1521,\"service-name\":\"crm\",\"connect-params\":\"poolMinSessions=10\\u0026poolMaxSessions=1000\\u0026poolWaitTimeout=60s\\u0026poolSessionMaxLifetime=1h\\u0026poolSessionTimeout=5m\\u0026poolIncrement=10\\u0026timezone=Local\",\"session-params\":[\"select * from dual\"],\"rootpwd\":\"root1234\",\"primary-oracle-home\":\"/oracle/app/oracle/product/11.2.0/db\",\"primary-grid-home\":\"/oracle/app/oracle/product/11.2.0/db\",\"primary-oracle-home-owner\":\"oracle\",\"primary-grid-home-owner\":\"grid\",\"standby-oracle-base\":\".\",\"standby-oracle-home\":\".\",\"standby-grid-home\":\".\",\"standby-oracle-home-owner\":\"oracle\",\"standby-grid-home-owner\":\"grid\",\"primary-data-dg\":\"+NGPDATA01\",\"standby-data-dg\":\"+NGPDATA01\",\"standby-host-ips\":[\"192.168.1.2\",\"192.179.1.3\"],\"OracleDBname\":\"\",\"OracleSid\":\"\",\"OracleUniqname\":\"\",\"IsRAC\":\"\"},\"log\":{\"log-level\":\"debug\",\"log-file\":\"./conf/autoDG.log\",\"max-size\":128,\"max-days\":7,\"max-backups\":30}}"]
[2022/05/31 15:31:25.347 +08:00] [INFO] [server.go:32] ["prepare DG"] ["Check Primary DB version "=]
[2022/05/31 15:31:25.532 +08:00] [INFO] [server.go:47] ["prepare DG"] ["Get Primary DB  oracle_sid"=]
[2022/05/31 15:31:25.543 +08:00] [INFO] [oracle.go:14] ["get oracle oracle_sid start"]
[2022/05/31 15:31:25.759 +08:00] [INFO] [oracle.go:23] ["get oracle oracle_sid finished"] [CMDS="select value from v$parameter where NAME='instance_name'"] [cost=215.9853ms]
[2022/05/31 15:31:25.772 +08:00] [INFO] [server.go:53] ["prepare DG"] ["Get Primary DB  db_name"=]
[2022/05/31 15:31:25.940 +08:00] [INFO] [server.go:57] ["prepare DG"] ["Get Primary DB  db_name"=crm]
[2022/05/31 15:31:25.942 +08:00] [INFO] [server.go:60] ["prepare DG"] ["Get Primary DB db_unique_name"=]
[2022/05/31 15:31:26.100 +08:00] [INFO] [server.go:66] ["prepare DG"] ["Get Primary DB (Sinage & RAC)"=]
[2022/05/31 15:31:26.279 +08:00] [INFO] [server.go:70] ["prepare DG"] ["Get Primary DB (Sinage & RAC)"="##This is a Single node DataBase"]
[2022/05/31 15:31:26.284 +08:00] [INFO] [server.go:79] ["prepare DG"] ["Check Primary DB arch log mode"=]
[2022/05/31 15:31:26.452 +08:00] [INFO] [server.go:89] ["prepare DG"] ["Check Primary DB FORCE_LOGGING mode "=]
[2022/05/31 15:31:26.611 +08:00] [INFO] [server.go:102] ["prepare DG"] ["Check Primary DB orapw file"=]
[2022/05/31 15:31:27.433 +08:00] [INFO] [server.go:116] ["prepare DG"] ["Download Primary DB orapw file "=/oracle/app/oracle/product/11.2.0/db/dbs/orapwcrm]
[2022/05/31 15:31:28.975 +08:00] [INFO] [server.go:121] ["prepare DG"] ["Update Primary DB tnsnames.ora file "=/oracle/app/oracle/product/11.2.0/db/network/admin/tnsnames.ora]
[2022/05/31 15:31:29.835 +08:00] [INFO] [server.go:125] ["prepare DG"] ["Download Primary DB tnsnames.ora file "=/oracle/app/oracle/product/11.2.0/db/network/admin/tnsnames.ora]
[2022/05/31 15:31:31.363 +08:00] [INFO] [server.go:130] ["prepare DG"] ["Init standby DB tnsnames.ora file "=./network/admin/tnsnames.ora]
[2022/05/31 15:31:31.364 +08:00] [INFO] [server.go:132] ["prepare DG"] ["Init standby DB orapw file "=./dbs/orapwcrm]
[2022/05/31 15:31:31.365 +08:00] [INFO] [server.go:139] ["prepare DG"] ["Init standby DB listener.ora file "=./network/admin/tnsnames.ora]
[2022/05/31 15:31:31.413 +08:00] [INFO] [server.go:145] ["prepare DG"] ["Startup standby DB listener "="Listener starting........."]
[2022/05/31 15:31:31.460 +08:00] [INFO] [server.go:149] ["prepare DG"] ["Init standby DB pfile "="pfile initing........."]
[2022/05/31 15:31:31.508 +08:00] [INFO] [server.go:153] ["prepare DG"] ["Startup standby Instance(nomount) "=./dbs/pfilecrm]
[2022/05/31 15:31:31.554 +08:00] [INFO] [server.go:162] ["prepare DG"] ["Startup RMAN Duplicate Database From Active database "=crm]
[2022/05/31 15:32:44.304 +08:00] [INFO] [version.go:32] ["Welcome to autoDG"] ["Release Version"=V2022-05-23] ["Git Commit Hash"=None] ["Git Branch"=Lixora] ["UTC Build Time"=2022-05-23] ["Go Version"=go1.16.4] ["Release Version"=HuangLinjie-17767151782]
[2022/05/31 15:32:44.344 +08:00] [INFO] [version.go:40] ["autoDG config"] [config="{\"source\":{\"username\":\"system\",\"password\":\"oracle\",\"host\":\"192.168.1.8\",\"port\":1521,\"service-name\":\"crm\",\"connect-params\":\"poolMinSessions=10\\u0026poolMaxSessions=1000\\u0026poolWaitTimeout=60s\\u0026poolSessionMaxLifetime=1h\\u0026poolSessionTimeout=5m\\u0026poolIncrement=10\\u0026timezone=Local\",\"session-params\":[\"select * from dual\"],\"rootpwd\":\"root1234\",\"primary-oracle-home\":\"/oracle/app/oracle/product/11.2.0/db\",\"primary-grid-home\":\"/oracle/app/oracle/product/11.2.0/db\",\"primary-oracle-home-owner\":\"oracle\",\"primary-grid-home-owner\":\"grid\",\"standby-oracle-base\":\".\",\"standby-oracle-home\":\".\",\"standby-grid-home\":\".\",\"standby-oracle-home-owner\":\"oracle\",\"standby-grid-home-owner\":\"grid\",\"primary-data-dg\":\"+NGPDATA01\",\"standby-data-dg\":\"+NGPDATA01\",\"standby-host-ips\":[\"192.168.1.2\",\"192.179.1.3\"],\"OracleDBname\":\"\",\"OracleSid\":\"\",\"OracleUniqname\":\"\",\"IsRAC\":\"\"},\"log\":{\"log-level\":\"debug\",\"log-file\":\"./conf/autoDG.log\",\"max-size\":128,\"max-days\":7,\"max-backups\":30}}"]
[2022/05/31 15:32:51.152 +08:00] [INFO] [server.go:32] ["prepare DG"] ["Check Primary DB version "=]
[2022/05/31 15:32:51.284 +08:00] [INFO] [server.go:47] ["prepare DG"] ["Get Primary DB  oracle_sid"=]
[2022/05/31 15:32:51.295 +08:00] [INFO] [oracle.go:14] ["get oracle oracle_sid start"]
[2022/05/31 15:32:51.430 +08:00] [INFO] [oracle.go:23] ["get oracle oracle_sid finished"] [CMDS="select value from v$parameter where NAME='instance_name'"] [cost=134.4565ms]
[2022/05/31 15:32:51.444 +08:00] [INFO] [server.go:53] ["prepare DG"] ["Get Primary DB  db_name"=]
[2022/05/31 15:32:51.587 +08:00] [INFO] [server.go:57] ["prepare DG"] ["Get Primary DB  db_name"=crm]
[2022/05/31 15:32:51.596 +08:00] [INFO] [server.go:60] ["prepare DG"] ["Get Primary DB db_unique_name"=]
[2022/05/31 15:32:51.743 +08:00] [INFO] [server.go:66] ["prepare DG"] ["Get Primary DB (Sinage & RAC)"=]
[2022/05/31 15:32:51.891 +08:00] [INFO] [server.go:70] ["prepare DG"] ["Get Primary DB (Sinage & RAC)"="##This is a Single node DataBase"]
[2022/05/31 15:32:51.893 +08:00] [INFO] [server.go:79] ["prepare DG"] ["Check Primary DB arch log mode"=]
[2022/05/31 15:32:52.010 +08:00] [INFO] [server.go:89] ["prepare DG"] ["Check Primary DB FORCE_LOGGING mode "=]
[2022/05/31 15:32:52.158 +08:00] [INFO] [server.go:102] ["prepare DG"] ["Check Primary DB orapw file"=]
[2022/05/31 15:32:52.916 +08:00] [INFO] [server.go:116] ["prepare DG"] ["Download Primary DB orapw file "=/oracle/app/oracle/product/11.2.0/db/dbs/orapwcrm]
[2022/05/31 15:32:54.313 +08:00] [INFO] [server.go:121] ["prepare DG"] ["Update Primary DB tnsnames.ora file "=/oracle/app/oracle/product/11.2.0/db/network/admin/tnsnames.ora]
[2022/05/31 15:32:55.130 +08:00] [INFO] [server.go:125] ["prepare DG"] ["Download Primary DB tnsnames.ora file "=/oracle/app/oracle/product/11.2.0/db/network/admin/tnsnames.ora]
[2022/05/31 15:32:56.567 +08:00] [INFO] [server.go:130] ["prepare DG"] ["Init standby DB tnsnames.ora file "=./network/admin/tnsnames.ora]
[2022/05/31 15:32:56.568 +08:00] [INFO] [server.go:132] ["prepare DG"] ["Init standby DB orapw file "=./dbs/orapwcrm]
[2022/05/31 15:32:56.569 +08:00] [INFO] [server.go:139] ["prepare DG"] ["Init standby DB listener.ora file "=./network/admin/tnsnames.ora]
[2022/05/31 15:32:56.616 +08:00] [INFO] [server.go:145] ["prepare DG"] ["Startup standby DB listener "="Listener starting........."]
[2022/05/31 15:32:56.662 +08:00] [INFO] [server.go:149] ["prepare DG"] ["Init standby DB pfile "="pfile initing........."]
[2022/05/31 15:32:56.705 +08:00] [INFO] [server.go:153] ["prepare DG"] ["Startup standby Instance(nomount) "=./dbs/pfilecrm]
[2022/05/31 15:32:56.752 +08:00] [INFO] [server.go:162] ["prepare DG"] ["Startup RMAN Duplicate Database From Active database "=crm]
[2022/05/31 15:37:57.355 +08:00] [INFO] [version.go:32] ["Welcome to autoDG"] ["Release Version"=V2022-05-23] ["Git Commit Hash"=None] ["Git Branch"=Lixora] ["UTC Build Time"=2022-05-23] ["Go Version"=go1.16.4] ["Release Version"=HuangLinjie-17767151782]
[2022/05/31 15:37:57.396 +08:00] [INFO] [version.go:40] ["autoDG config"] [config="{\"source\":{\"username\":\"system\",\"password\":\"oracle\",\"host\":\"192.168.1.8\",\"port\":1521,\"service-name\":\"crm\",\"connect-params\":\"poolMinSessions=10\\u0026poolMaxSessions=1000\\u0026poolWaitTimeout=60s\\u0026poolSessionMaxLifetime=1h\\u0026poolSessionTimeout=5m\\u0026poolIncrement=10\\u0026timezone=Local\",\"session-params\":[\"select * from dual\"],\"rootpwd\":\"root1234\",\"primary-oracle-home\":\"/oracle/app/oracle/product/11.2.0/db\",\"primary-grid-home\":\"/oracle/app/oracle/product/11.2.0/db\",\"primary-oracle-home-owner\":\"oracle\",\"primary-grid-home-owner\":\"grid\",\"standby-oracle-base\":\".\",\"standby-oracle-home\":\".\",\"standby-grid-home\":\".\",\"standby-oracle-home-owner\":\"oracle\",\"standby-grid-home-owner\":\"grid\",\"primary-data-dg\":\"+NGPDATA01\",\"standby-data-dg\":\"+NGPDATA01\",\"standby-host-ips\":[\"192.168.1.2\",\"192.179.1.3\"],\"OracleDBname\":\"\",\"OracleSid\":\"\",\"OracleUniqname\":\"\",\"IsRAC\":\"\"},\"log\":{\"log-level\":\"debug\",\"log-file\":\"./conf/autoDG.log\",\"max-size\":128,\"max-days\":7,\"max-backups\":30}}"]
[2022/05/31 15:38:05.035 +08:00] [INFO] [server.go:32] ["prepare DG"] ["Check Primary DB version "=]
[2022/05/31 15:38:05.223 +08:00] [INFO] [server.go:47] ["prepare DG"] ["Get Primary DB  oracle_sid"=]
[2022/05/31 15:38:05.229 +08:00] [INFO] [oracle.go:14] ["get oracle oracle_sid start"]
[2022/05/31 15:38:05.403 +08:00] [INFO] [oracle.go:23] ["get oracle oracle_sid finished"] [CMDS="select value from v$parameter where NAME='instance_name'"] [cost=174.031ms]
[2022/05/31 15:38:05.410 +08:00] [INFO] [server.go:53] ["prepare DG"] ["Get Primary DB  db_name"=]
[2022/05/31 15:38:05.681 +08:00] [INFO] [server.go:57] ["prepare DG"] ["Get Primary DB  db_name"=crm]
[2022/05/31 15:38:05.690 +08:00] [INFO] [server.go:60] ["prepare DG"] ["Get Primary DB db_unique_name"=]
[2022/05/31 15:38:05.846 +08:00] [INFO] [server.go:66] ["prepare DG"] ["Get Primary DB (Sinage & RAC)"=]
[2022/05/31 15:38:06.064 +08:00] [INFO] [server.go:70] ["prepare DG"] ["Get Primary DB (Sinage & RAC)"="##This is a Single node DataBase"]
[2022/05/31 15:38:06.070 +08:00] [INFO] [server.go:79] ["prepare DG"] ["Check Primary DB arch log mode"=]
[2022/05/31 15:38:06.221 +08:00] [INFO] [server.go:89] ["prepare DG"] ["Check Primary DB FORCE_LOGGING mode "=]
[2022/05/31 15:38:06.387 +08:00] [INFO] [server.go:102] ["prepare DG"] ["Check Primary DB orapw file"=]
[2022/05/31 15:38:07.263 +08:00] [INFO] [server.go:116] ["prepare DG"] ["Download Primary DB orapw file "=/oracle/app/oracle/product/11.2.0/db/dbs/orapwcrm]
[2022/05/31 15:38:09.002 +08:00] [INFO] [server.go:121] ["prepare DG"] ["Update Primary DB tnsnames.ora file "=/oracle/app/oracle/product/11.2.0/db/network/admin/tnsnames.ora]
[2022/05/31 15:38:09.848 +08:00] [INFO] [server.go:125] ["prepare DG"] ["Download Primary DB tnsnames.ora file "=/oracle/app/oracle/product/11.2.0/db/network/admin/tnsnames.ora]
[2022/05/31 15:38:11.340 +08:00] [INFO] [server.go:130] ["prepare DG"] ["Init standby DB tnsnames.ora file "=./network/admin/tnsnames.ora]
[2022/05/31 15:38:11.341 +08:00] [INFO] [server.go:132] ["prepare DG"] ["Init standby DB orapw file "=./dbs/orapwcrm]
[2022/05/31 15:38:11.342 +08:00] [INFO] [server.go:139] ["prepare DG"] ["Init standby DB listener.ora file "=./network/admin/tnsnames.ora]
[2022/05/31 15:38:11.387 +08:00] [INFO] [server.go:145] ["prepare DG"] ["Startup standby DB listener "="Listener starting........."]
[2022/05/31 15:38:11.434 +08:00] [INFO] [server.go:149] ["prepare DG"] ["Init standby DB pfile "="pfile initing........."]
[2022/05/31 15:38:11.476 +08:00] [INFO] [server.go:153] ["prepare DG"] ["Startup standby Instance(nomount) "=./dbs/pfilecrm]
[2022/05/31 15:38:11.522 +08:00] [INFO] [server.go:162] ["prepare DG"] ["Startup RMAN Duplicate Database From Active database "=crm]
[2022/05/31 15:40:41.661 +08:00] [INFO] [version.go:32] ["Welcome to autoDG"] ["Release Version"=V2022-05-23] ["Git Commit Hash"=None] ["Git Branch"=Lixora] ["UTC Build Time"=2022-05-23] ["Go Version"=go1.16.4] ["Release Version"=HuangLinjie-17767151782]
[2022/05/31 15:40:41.702 +08:00] [INFO] [version.go:40] ["autoDG config"] [config="{\"source\":{\"username\":\"system\",\"password\":\"oracle\",\"host\":\"192.168.1.8\",\"port\":1521,\"service-name\":\"crm\",\"connect-params\":\"poolMinSessions=10\\u0026poolMaxSessions=1000\\u0026poolWaitTimeout=60s\\u0026poolSessionMaxLifetime=1h\\u0026poolSessionTimeout=5m\\u0026poolIncrement=10\\u0026timezone=Local\",\"session-params\":[\"select * from dual\"],\"rootpwd\":\"root1234\",\"primary-oracle-home\":\"/oracle/app/oracle/product/11.2.0/db\",\"primary-grid-home\":\"/oracle/app/oracle/product/11.2.0/db\",\"primary-oracle-home-owner\":\"oracle\",\"primary-grid-home-owner\":\"grid\",\"standby-oracle-base\":\".\",\"standby-oracle-home\":\".\",\"standby-grid-home\":\".\",\"standby-oracle-home-owner\":\"oracle\",\"standby-grid-home-owner\":\"grid\",\"primary-data-dg\":\"+NGPDATA01\",\"standby-data-dg\":\"+NGPDATA01\",\"standby-host-ips\":[\"192.168.1.2\",\"192.179.1.3\"],\"OracleDBname\":\"\",\"OracleSid\":\"\",\"OracleUniqname\":\"\",\"IsRAC\":\"\"},\"log\":{\"log-level\":\"debug\",\"log-file\":\"./conf/autoDG.log\",\"max-size\":128,\"max-days\":7,\"max-backups\":30}}"]
[2022/05/31 15:40:48.633 +08:00] [INFO] [server.go:32] ["prepare DG"] ["Check Primary DB version "=]
[2022/05/31 15:40:48.776 +08:00] [INFO] [server.go:47] ["prepare DG"] ["Get Primary DB  oracle_sid"=]
[2022/05/31 15:40:48.784 +08:00] [INFO] [oracle.go:14] ["get oracle oracle_sid start"]
[2022/05/31 15:40:48.922 +08:00] [INFO] [oracle.go:23] ["get oracle oracle_sid finished"] [CMDS="select value from v$parameter where NAME='instance_name'"] [cost=138.1968ms]
[2022/05/31 15:40:48.930 +08:00] [INFO] [server.go:53] ["prepare DG"] ["Get Primary DB  db_name"=]
[2022/05/31 15:40:49.069 +08:00] [INFO] [server.go:57] ["prepare DG"] ["Get Primary DB  db_name"=crm]
[2022/05/31 15:40:49.080 +08:00] [INFO] [server.go:60] ["prepare DG"] ["Get Primary DB db_unique_name"=]
[2022/05/31 15:40:49.207 +08:00] [INFO] [server.go:66] ["prepare DG"] ["Get Primary DB (Sinage & RAC)"=]
[2022/05/31 15:40:49.357 +08:00] [INFO] [server.go:70] ["prepare DG"] ["Get Primary DB (Sinage & RAC)"="##This is a Single node DataBase"]
[2022/05/31 15:40:49.367 +08:00] [INFO] [server.go:79] ["prepare DG"] ["Check Primary DB arch log mode"=]
[2022/05/31 15:40:49.488 +08:00] [INFO] [server.go:89] ["prepare DG"] ["Check Primary DB FORCE_LOGGING mode "=]
[2022/05/31 15:40:49.644 +08:00] [INFO] [server.go:102] ["prepare DG"] ["Check Primary DB orapw file"=]
[2022/05/31 15:40:50.426 +08:00] [INFO] [server.go:116] ["prepare DG"] ["Download Primary DB orapw file "=/oracle/app/oracle/product/11.2.0/db/dbs/orapwcrm]
[2022/05/31 15:40:51.801 +08:00] [INFO] [server.go:121] ["prepare DG"] ["Update Primary DB tnsnames.ora file "=/oracle/app/oracle/product/11.2.0/db/network/admin/tnsnames.ora]
[2022/05/31 15:40:52.768 +08:00] [INFO] [server.go:125] ["prepare DG"] ["Download Primary DB tnsnames.ora file "=/oracle/app/oracle/product/11.2.0/db/network/admin/tnsnames.ora]
[2022/05/31 15:40:54.165 +08:00] [INFO] [server.go:130] ["prepare DG"] ["Init standby DB tnsnames.ora file "=./network/admin/tnsnames.ora]
[2022/05/31 15:40:54.166 +08:00] [INFO] [server.go:132] ["prepare DG"] ["Init standby DB orapw file "=./dbs/orapwcrm]
[2022/05/31 15:40:54.167 +08:00] [INFO] [server.go:139] ["prepare DG"] ["Init standby DB listener.ora file "=./network/admin/tnsnames.ora]
[2022/05/31 15:40:54.210 +08:00] [INFO] [server.go:145] ["prepare DG"] ["Startup standby DB listener "="Listener starting........."]
[2022/05/31 15:40:54.259 +08:00] [INFO] [server.go:149] ["prepare DG"] ["Init standby DB pfile "="pfile initing........."]
[2022/05/31 15:40:54.303 +08:00] [INFO] [server.go:153] ["prepare DG"] ["Startup standby Instance(nomount) "=./dbs/pfilecrm]
[2022/05/31 15:40:54.350 +08:00] [INFO] [server.go:162] ["prepare DG"] ["Startup RMAN Duplicate Database From Active database "=crm]
[2022/05/31 15:41:59.350 +08:00] [INFO] [version.go:32] ["Welcome to autoDG"] ["Release Version"=V2022-05-23] ["Git Commit Hash"=None] ["Git Branch"=Lixora] ["UTC Build Time"=2022-05-23] ["Go Version"=go1.16.4] ["Release Version"=HuangLinjie-17767151782]
[2022/05/31 15:41:59.392 +08:00] [INFO] [version.go:40] ["autoDG config"] [config="{\"source\":{\"username\":\"system\",\"password\":\"oracle\",\"host\":\"192.168.1.8\",\"port\":1521,\"service-name\":\"crm\",\"connect-params\":\"poolMinSessions=10\\u0026poolMaxSessions=1000\\u0026poolWaitTimeout=60s\\u0026poolSessionMaxLifetime=1h\\u0026poolSessionTimeout=5m\\u0026poolIncrement=10\\u0026timezone=Local\",\"session-params\":[\"select * from dual\"],\"rootpwd\":\"root1234\",\"primary-oracle-home\":\"/oracle/app/oracle/product/11.2.0/db\",\"primary-grid-home\":\"/oracle/app/oracle/product/11.2.0/db\",\"primary-oracle-home-owner\":\"oracle\",\"primary-grid-home-owner\":\"grid\",\"standby-oracle-base\":\".\",\"standby-oracle-home\":\".\",\"standby-grid-home\":\".\",\"standby-oracle-home-owner\":\"oracle\",\"standby-grid-home-owner\":\"grid\",\"primary-data-dg\":\"+NGPDATA01\",\"standby-data-dg\":\"+NGPDATA01\",\"standby-host-ips\":[\"192.168.1.2\",\"192.179.1.3\"],\"OracleDBname\":\"\",\"OracleSid\":\"\",\"OracleUniqname\":\"\",\"IsRAC\":\"\"},\"log\":{\"log-level\":\"debug\",\"log-file\":\"./conf/autoDG.log\",\"max-size\":128,\"max-days\":7,\"max-backups\":30}}"]
[2022/05/31 15:42:06.099 +08:00] [INFO] [server.go:32] ["prepare DG"] ["Check Primary DB version "=]
[2022/05/31 15:42:06.235 +08:00] [INFO] [server.go:47] ["prepare DG"] ["Get Primary DB  oracle_sid"=]
[2022/05/31 15:42:06.242 +08:00] [INFO] [oracle.go:14] ["get oracle oracle_sid start"]
[2022/05/31 15:42:06.478 +08:00] [INFO] [oracle.go:23] ["get oracle oracle_sid finished"] [CMDS="select value from v$parameter where NAME='instance_name'"] [cost=236.5331ms]
[2022/05/31 15:42:06.485 +08:00] [INFO] [server.go:53] ["prepare DG"] ["Get Primary DB  db_name"=]
[2022/05/31 15:42:06.613 +08:00] [INFO] [server.go:57] ["prepare DG"] ["Get Primary DB  db_name"=crm]
[2022/05/31 15:42:06.625 +08:00] [INFO] [server.go:60] ["prepare DG"] ["Get Primary DB db_unique_name"=]
[2022/05/31 15:42:06.791 +08:00] [INFO] [server.go:66] ["prepare DG"] ["Get Primary DB (Sinage & RAC)"=]
[2022/05/31 15:42:06.972 +08:00] [INFO] [server.go:70] ["prepare DG"] ["Get Primary DB (Sinage & RAC)"="##This is a Single node DataBase"]
[2022/05/31 15:42:06.975 +08:00] [INFO] [server.go:79] ["prepare DG"] ["Check Primary DB arch log mode"=]
[2022/05/31 15:42:07.144 +08:00] [INFO] [server.go:89] ["prepare DG"] ["Check Primary DB FORCE_LOGGING mode "=]
[2022/05/31 15:42:07.310 +08:00] [INFO] [server.go:102] ["prepare DG"] ["Check Primary DB orapw file"=]
[2022/05/31 15:42:08.093 +08:00] [INFO] [server.go:116] ["prepare DG"] ["Download Primary DB orapw file "=/oracle/app/oracle/product/11.2.0/db/dbs/orapwcrm]
[2022/05/31 15:42:09.378 +08:00] [INFO] [server.go:121] ["prepare DG"] ["Update Primary DB tnsnames.ora file "=/oracle/app/oracle/product/11.2.0/db/network/admin/tnsnames.ora]
[2022/05/31 15:42:10.154 +08:00] [INFO] [server.go:125] ["prepare DG"] ["Download Primary DB tnsnames.ora file "=/oracle/app/oracle/product/11.2.0/db/network/admin/tnsnames.ora]
[2022/05/31 15:42:11.509 +08:00] [INFO] [server.go:130] ["prepare DG"] ["Init standby DB tnsnames.ora file "=./network/admin/tnsnames.ora]
[2022/05/31 15:42:11.510 +08:00] [INFO] [server.go:132] ["prepare DG"] ["Init standby DB orapw file "=./dbs/orapwcrm]
[2022/05/31 15:42:11.511 +08:00] [INFO] [server.go:139] ["prepare DG"] ["Init standby DB listener.ora file "=./network/admin/tnsnames.ora]
[2022/05/31 15:42:11.558 +08:00] [INFO] [server.go:145] ["prepare DG"] ["Startup standby DB listener "="Listener starting........."]
[2022/05/31 15:42:11.604 +08:00] [INFO] [server.go:149] ["prepare DG"] ["Init standby DB pfile "="pfile initing........."]
[2022/05/31 15:42:11.647 +08:00] [INFO] [server.go:153] ["prepare DG"] ["Startup standby Instance(nomount) "=./dbs/pfilecrm]
[2022/05/31 15:42:11.694 +08:00] [INFO] [server.go:162] ["prepare DG"] ["Startup RMAN Duplicate Database From Active database "=crm]
[2022/05/31 15:55:54.236 +08:00] [INFO] [version.go:32] ["Welcome to autoDG"] ["Release Version"=V2022-05-23] ["Git Commit Hash"=None] ["Git Branch"=Lixora] ["UTC Build Time"=2022-05-23] ["Go Version"=go1.16.4] ["Release Version"=HuangLinjie-17767151782]
[2022/05/31 15:55:54.276 +08:00] [INFO] [version.go:40] ["autoDG config"] [config="{\"source\":{\"username\":\"system\",\"password\":\"oracle\",\"host\":\"192.168.1.8\",\"port\":1521,\"service-name\":\"crm\",\"connect-params\":\"poolMinSessions=10\\u0026poolMaxSessions=1000\\u0026poolWaitTimeout=60s\\u0026poolSessionMaxLifetime=1h\\u0026poolSessionTimeout=5m\\u0026poolIncrement=10\\u0026timezone=Local\",\"session-params\":[\"select * from dual\"],\"rootpwd\":\"root1234\",\"primary-oracle-home\":\"/oracle/app/oracle/product/11.2.0/db\",\"primary-grid-home\":\"/oracle/app/oracle/product/11.2.0/db\",\"primary-oracle-home-owner\":\"oracle\",\"primary-grid-home-owner\":\"grid\",\"standby-oracle-base\":\".\",\"standby-oracle-home\":\".\",\"standby-grid-home\":\".\",\"standby-oracle-home-owner\":\"oracle\",\"standby-grid-home-owner\":\"grid\",\"primary-data-dg\":\"+NGPDATA01\",\"standby-data-dg\":\"+NGPDATA01\",\"standby-host-ips\":[\"192.168.1.2\",\"192.179.1.3\"],\"OracleDBname\":\"\",\"OracleSid\":\"\",\"OracleUniqname\":\"\",\"IsRAC\":\"\"},\"log\":{\"log-level\":\"debug\",\"log-file\":\"./conf/autoDG.log\",\"max-size\":128,\"max-days\":7,\"max-backups\":30}}"]
[2022/05/31 15:56:01.845 +08:00] [INFO] [server.go:32] ["prepare DG"] ["Check Primary DB version "=]
[2022/05/31 15:56:02.036 +08:00] [INFO] [server.go:47] ["prepare DG"] ["Get Primary DB  oracle_sid"=]
[2022/05/31 15:56:02.047 +08:00] [INFO] [oracle.go:14] ["get oracle oracle_sid start"]
[2022/05/31 15:56:02.257 +08:00] [INFO] [oracle.go:23] ["get oracle oracle_sid finished"] [CMDS="select value from v$parameter where NAME='instance_name'"] [cost=209.7666ms]
[2022/05/31 15:56:02.263 +08:00] [INFO] [server.go:53] ["prepare DG"] ["Get Primary DB  db_name"=]
[2022/05/31 15:56:02.415 +08:00] [INFO] [server.go:57] ["prepare DG"] ["Get Primary DB  db_name"=crm]
[2022/05/31 15:56:02.427 +08:00] [INFO] [server.go:60] ["prepare DG"] ["Get Primary DB db_unique_name"=]
[2022/05/31 15:56:02.648 +08:00] [INFO] [server.go:66] ["prepare DG"] ["Get Primary DB (Sinage & RAC)"=]
[2022/05/31 15:56:02.838 +08:00] [INFO] [server.go:70] ["prepare DG"] ["Get Primary DB (Sinage & RAC)"="##This is a Single node DataBase"]
[2022/05/31 15:56:02.850 +08:00] [INFO] [server.go:79] ["prepare DG"] ["Check Primary DB arch log mode"=]
[2022/05/31 15:56:03.039 +08:00] [INFO] [server.go:89] ["prepare DG"] ["Check Primary DB FORCE_LOGGING mode "=]
[2022/05/31 15:56:03.212 +08:00] [INFO] [server.go:102] ["prepare DG"] ["Check Primary DB orapw file"=]
[2022/05/31 15:56:04.134 +08:00] [INFO] [server.go:116] ["prepare DG"] ["Download Primary DB orapw file "=/oracle/app/oracle/product/11.2.0/db/dbs/orapwcrm]
[2022/05/31 15:56:05.633 +08:00] [INFO] [server.go:121] ["prepare DG"] ["Update Primary DB tnsnames.ora file "=/oracle/app/oracle/product/11.2.0/db/network/admin/tnsnames.ora]
[2022/05/31 15:56:06.517 +08:00] [INFO] [server.go:125] ["prepare DG"] ["Download Primary DB tnsnames.ora file "=/oracle/app/oracle/product/11.2.0/db/network/admin/tnsnames.ora]
[2022/05/31 15:56:08.106 +08:00] [INFO] [server.go:130] ["prepare DG"] ["Init standby DB tnsnames.ora file "=./network/admin/tnsnames.ora]
[2022/05/31 15:56:08.106 +08:00] [INFO] [server.go:132] ["prepare DG"] ["Init standby DB orapw file "=./dbs/orapwcrm]
[2022/05/31 15:56:08.107 +08:00] [INFO] [server.go:139] ["prepare DG"] ["Init standby DB listener.ora file "=./network/admin/tnsnames.ora]
[2022/05/31 15:56:08.153 +08:00] [INFO] [server.go:145] ["prepare DG"] ["Startup standby DB listener "="Listener starting........."]
[2022/05/31 15:56:08.197 +08:00] [INFO] [server.go:153] ["prepare DG"] ["Init standby DB pfile "="pfile initing........."]
[2022/05/31 15:56:08.260 +08:00] [INFO] [server.go:157] ["prepare DG"] ["Startup standby Instance(nomount) "=./dbs/pfilecrm]
[2022/05/31 15:56:08.313 +08:00] [INFO] [server.go:166] ["prepare DG"] ["Startup RMAN Duplicate Database From Active database "=crm]
[2022/05/31 15:58:45.362 +08:00] [INFO] [version.go:32] ["Welcome to autoDG"] ["Release Version"=V2022-05-23] ["Git Commit Hash"=None] ["Git Branch"=Lixora] ["UTC Build Time"=2022-05-23] ["Go Version"=go1.16.4] ["Release Version"=HuangLinjie-17767151782]
[2022/05/31 15:58:45.405 +08:00] [INFO] [version.go:40] ["autoDG config"] [config="{\"source\":{\"username\":\"system\",\"password\":\"oracle\",\"host\":\"192.168.1.8\",\"port\":1521,\"service-name\":\"crm\",\"connect-params\":\"poolMinSessions=10\\u0026poolMaxSessions=1000\\u0026poolWaitTimeout=60s\\u0026poolSessionMaxLifetime=1h\\u0026poolSessionTimeout=5m\\u0026poolIncrement=10\\u0026timezone=Local\",\"session-params\":[\"select * from dual\"],\"rootpwd\":\"root1234\",\"primary-oracle-home\":\"/oracle/app/oracle/product/11.2.0/db\",\"primary-grid-home\":\"/oracle/app/oracle/product/11.2.0/db\",\"primary-oracle-home-owner\":\"oracle\",\"primary-grid-home-owner\":\"grid\",\"standby-oracle-base\":\".\",\"standby-oracle-home\":\".\",\"standby-grid-home\":\".\",\"standby-oracle-home-owner\":\"oracle\",\"standby-grid-home-owner\":\"grid\",\"primary-data-dg\":\"+NGPDATA01\",\"standby-data-dg\":\"+NGPDATA01\",\"standby-host-ips\":[\"192.168.1.2\",\"192.179.1.3\"],\"OracleDBname\":\"\",\"OracleSid\":\"\",\"OracleUniqname\":\"\",\"IsRAC\":\"\"},\"log\":{\"log-level\":\"debug\",\"log-file\":\"./conf/autoDG.log\",\"max-size\":128,\"max-days\":7,\"max-backups\":30}}"]
[2022/05/31 15:58:52.021 +08:00] [INFO] [server.go:32] ["prepare DG"] ["Check Primary DB version "=]
[2022/05/31 15:58:52.184 +08:00] [INFO] [server.go:47] ["prepare DG"] ["Get Primary DB  oracle_sid"=]
[2022/05/31 15:58:52.194 +08:00] [INFO] [oracle.go:14] ["get oracle oracle_sid start"]
[2022/05/31 15:58:52.333 +08:00] [INFO] [oracle.go:23] ["get oracle oracle_sid finished"] [CMDS="select value from v$parameter where NAME='instance_name'"] [cost=139.3805ms]
[2022/05/31 15:58:52.343 +08:00] [INFO] [server.go:53] ["prepare DG"] ["Get Primary DB  db_name"=]
[2022/05/31 15:58:52.557 +08:00] [INFO] [server.go:57] ["prepare DG"] ["Get Primary DB  db_name"=crm]
[2022/05/31 15:58:52.569 +08:00] [INFO] [server.go:60] ["prepare DG"] ["Get Primary DB db_unique_name"=]
[2022/05/31 15:58:52.721 +08:00] [INFO] [server.go:66] ["prepare DG"] ["Get Primary DB (Sinage & RAC)"=]
[2022/05/31 15:58:52.896 +08:00] [INFO] [server.go:70] ["prepare DG"] ["Get Primary DB (Sinage & RAC)"="##This is a Single node DataBase"]
[2022/05/31 15:58:52.903 +08:00] [INFO] [server.go:79] ["prepare DG"] ["Check Primary DB arch log mode"=]
[2022/05/31 15:58:53.024 +08:00] [INFO] [server.go:89] ["prepare DG"] ["Check Primary DB FORCE_LOGGING mode "=]
[2022/05/31 15:58:53.197 +08:00] [INFO] [server.go:102] ["prepare DG"] ["Check Primary DB orapw file"=]
[2022/05/31 15:58:53.934 +08:00] [INFO] [server.go:116] ["prepare DG"] ["Download Primary DB orapw file "=/oracle/app/oracle/product/11.2.0/db/dbs/orapwcrm]
[2022/05/31 15:58:55.443 +08:00] [INFO] [server.go:121] ["prepare DG"] ["Update Primary DB tnsnames.ora file "=/oracle/app/oracle/product/11.2.0/db/network/admin/tnsnames.ora]
[2022/05/31 15:58:56.359 +08:00] [INFO] [server.go:125] ["prepare DG"] ["Download Primary DB tnsnames.ora file "=/oracle/app/oracle/product/11.2.0/db/network/admin/tnsnames.ora]
[2022/05/31 15:58:57.574 +08:00] [INFO] [server.go:130] ["prepare DG"] ["Init standby DB tnsnames.ora file "=./network/admin/tnsnames.ora]
[2022/05/31 15:58:57.575 +08:00] [INFO] [server.go:132] ["prepare DG"] ["Init standby DB orapw file "=./dbs/orapwcrm]
[2022/05/31 15:58:57.576 +08:00] [INFO] [server.go:139] ["prepare DG"] ["Init standby DB listener.ora file "=./network/admin/tnsnames.ora]
[2022/05/31 16:05:05.748 +08:00] [INFO] [version.go:32] ["Welcome to autoDG"] ["Release Version"=V2022-05-23] ["Git Commit Hash"=None] ["Git Branch"=Lixora] ["UTC Build Time"=2022-05-23] ["Go Version"=go1.16.4] ["Release Version"=HuangLinjie-17767151782]
[2022/05/31 16:05:05.789 +08:00] [INFO] [version.go:40] ["autoDG config"] [config="{\"source\":{\"username\":\"system\",\"password\":\"oracle\",\"host\":\"192.168.1.8\",\"port\":1521,\"service-name\":\"crm\",\"connect-params\":\"poolMinSessions=10\\u0026poolMaxSessions=1000\\u0026poolWaitTimeout=60s\\u0026poolSessionMaxLifetime=1h\\u0026poolSessionTimeout=5m\\u0026poolIncrement=10\\u0026timezone=Local\",\"session-params\":[\"select * from dual\"],\"rootpwd\":\"root1234\",\"primary-oracle-home\":\"/oracle/app/oracle/product/11.2.0/db\",\"primary-grid-home\":\"/oracle/app/oracle/product/11.2.0/db\",\"primary-oracle-home-owner\":\"oracle\",\"primary-grid-home-owner\":\"grid\",\"standby-oracle-base\":\".\",\"standby-oracle-home\":\".\",\"standby-grid-home\":\".\",\"standby-oracle-home-owner\":\"oracle\",\"standby-grid-home-owner\":\"grid\",\"primary-data-dg\":\"+NGPDATA01\",\"standby-data-dg\":\"+NGPDATA01\",\"standby-host-ips\":[\"192.168.1.2\",\"192.179.1.3\"],\"OracleDBname\":\"\",\"OracleSid\":\"\",\"OracleUniqname\":\"\",\"IsRAC\":\"\"},\"log\":{\"log-level\":\"debug\",\"log-file\":\"./conf/autoDG.log\",\"max-size\":128,\"max-days\":7,\"max-backups\":30}}"]
[2022/05/31 16:05:13.207 +08:00] [INFO] [server.go:32] ["prepare DG"] ["Check Primary DB version "=]
[2022/05/31 16:05:13.395 +08:00] [INFO] [server.go:47] ["prepare DG"] ["Get Primary DB  oracle_sid"=]
[2022/05/31 16:05:13.398 +08:00] [INFO] [oracle.go:14] ["get oracle oracle_sid start"]
[2022/05/31 16:05:13.584 +08:00] [INFO] [oracle.go:23] ["get oracle oracle_sid finished"] [CMDS="select value from v$parameter where NAME='instance_name'"] [cost=186.258ms]
[2022/05/31 16:05:13.589 +08:00] [INFO] [server.go:53] ["prepare DG"] ["Get Primary DB  db_name"=]
[2022/05/31 16:05:13.767 +08:00] [INFO] [server.go:57] ["prepare DG"] ["Get Primary DB  db_name"=crm]
[2022/05/31 16:05:13.767 +08:00] [INFO] [server.go:60] ["prepare DG"] ["Get Primary DB db_unique_name"=]
[2022/05/31 16:05:13.976 +08:00] [INFO] [server.go:66] ["prepare DG"] ["Get Primary DB (Sinage & RAC)"=]
[2022/05/31 16:05:14.172 +08:00] [INFO] [server.go:70] ["prepare DG"] ["Get Primary DB (Sinage & RAC)"="##This is a Single node DataBase"]
[2022/05/31 16:05:14.176 +08:00] [INFO] [server.go:79] ["prepare DG"] ["Check Primary DB arch log mode"=]
[2022/05/31 16:05:14.366 +08:00] [INFO] [server.go:89] ["prepare DG"] ["Check Primary DB FORCE_LOGGING mode "=]
[2022/05/31 16:05:14.555 +08:00] [INFO] [server.go:102] ["prepare DG"] ["Check Primary DB orapw file"=]
[2022/05/31 16:05:15.491 +08:00] [INFO] [server.go:116] ["prepare DG"] ["Download Primary DB orapw file "=/oracle/app/oracle/product/11.2.0/db/dbs/orapwcrm]
[2022/05/31 16:05:16.954 +08:00] [INFO] [server.go:121] ["prepare DG"] ["Update Primary DB tnsnames.ora file "=/oracle/app/oracle/product/11.2.0/db/network/admin/tnsnames.ora]
[2022/05/31 16:05:17.893 +08:00] [INFO] [server.go:125] ["prepare DG"] ["Download Primary DB tnsnames.ora file "=/oracle/app/oracle/product/11.2.0/db/network/admin/tnsnames.ora]
[2022/05/31 16:05:19.451 +08:00] [INFO] [server.go:130] ["prepare DG"] ["Init standby DB tnsnames.ora file "=./network/admin/tnsnames.ora]
[2022/05/31 16:05:19.452 +08:00] [INFO] [server.go:132] ["prepare DG"] ["Init standby DB orapw file "=./dbs/orapwcrm]
[2022/05/31 16:05:19.452 +08:00] [INFO] [server.go:139] ["prepare DG"] ["Init standby DB listener.ora file "=./network/admin/tnsnames.ora]
[2022/05/31 16:05:19.500 +08:00] [INFO] [server.go:145] ["prepare DG"] ["Startup standby DB listener "="Listener starting........."]
[2022/05/31 16:05:19.547 +08:00] [INFO] [server.go:153] ["prepare DG"] ["Init standby DB pfile "="pfile initing........."]
[2022/05/31 16:05:19.592 +08:00] [INFO] [server.go:157] ["prepare DG"] ["Startup standby Instance(nomount) "=./dbs/pfilecrm]
[2022/05/31 16:05:19.640 +08:00] [INFO] [server.go:166] ["prepare DG"] ["Startup RMAN Duplicate Database From Active database "=crm]
[2022/05/31 16:43:04.201 +08:00] [INFO] [version.go:32] ["Welcome to autoDG"] ["Release Version"=V2022-05-23] ["Git Commit Hash"=None] ["Git Branch"=Lixora] ["UTC Build Time"=2022-05-23] ["Go Version"=go1.16.4] ["Release Version"=HuangLinjie-17767151782]
[2022/05/31 16:43:04.331 +08:00] [INFO] [version.go:40] ["autoDG config"] [config="{\"source\":{\"username\":\"system\",\"password\":\"oracle\",\"host\":\"192.168.1.8\",\"port\":1521,\"service-name\":\"crm\",\"connect-params\":\"poolMinSessions=10\\u0026poolMaxSessions=1000\\u0026poolWaitTimeout=60s\\u0026poolSessionMaxLifetime=1h\\u0026poolSessionTimeout=5m\\u0026poolIncrement=10\\u0026timezone=Local\",\"session-params\":[\"select * from dual\"],\"rootpwd\":\"root1234\",\"primary-oracle-home\":\"/oracle/app/oracle/product/11.2.0/db\",\"primary-grid-home\":\"/oracle/app/oracle/product/11.2.0/db\",\"primary-oracle-home-owner\":\"oracle\",\"primary-grid-home-owner\":\"grid\",\"standby-oracle-base\":\".\",\"standby-oracle-home\":\".\",\"standby-grid-home\":\".\",\"standby-oracle-home-owner\":\"oracle\",\"standby-grid-home-owner\":\"grid\",\"primary-data-dg\":\"+NGPDATA01\",\"standby-data-dg\":\"+NGPDATA01\",\"standby-host-ips\":[\"192.168.1.2\",\"192.179.1.3\"],\"OracleDBname\":\"\",\"OracleSid\":\"\",\"OracleUniqname\":\"\",\"IsRAC\":\"\"},\"log\":{\"log-level\":\"debug\",\"log-file\":\"./conf/autoDG.log\",\"max-size\":128,\"max-days\":7,\"max-backups\":30}}"]
[2022/05/31 16:43:13.120 +08:00] [INFO] [server.go:32] ["prepare DG"] ["Check Primary DB version "=]
[2022/05/31 16:43:13.310 +08:00] [INFO] [server.go:47] ["prepare DG"] ["Get Primary DB  oracle_sid"=]
[2022/05/31 16:43:13.317 +08:00] [INFO] [oracle.go:14] ["get oracle oracle_sid start"]
[2022/05/31 16:43:13.518 +08:00] [INFO] [oracle.go:23] ["get oracle oracle_sid finished"] [CMDS="select value from v$parameter where NAME='instance_name'"] [cost=200.6765ms]
[2022/05/31 16:43:13.518 +08:00] [INFO] [server.go:53] ["prepare DG"] ["Get Primary DB  db_name"=]
[2022/05/31 16:43:13.710 +08:00] [INFO] [server.go:57] ["prepare DG"] ["Get Primary DB  db_name"=crm]
[2022/05/31 16:43:13.719 +08:00] [INFO] [server.go:60] ["prepare DG"] ["Get Primary DB db_unique_name"=]
[2022/05/31 16:43:13.995 +08:00] [INFO] [server.go:66] ["prepare DG"] ["Get Primary DB (Sinage & RAC)"=]
[2022/05/31 16:43:14.238 +08:00] [INFO] [server.go:70] ["prepare DG"] ["Get Primary DB (Sinage & RAC)"="##This is a Single node DataBase"]
[2022/05/31 16:43:14.238 +08:00] [INFO] [server.go:79] ["prepare DG"] ["Check Primary DB arch log mode"=]
[2022/05/31 16:43:14.436 +08:00] [INFO] [server.go:89] ["prepare DG"] ["Check Primary DB FORCE_LOGGING mode "=]
[2022/05/31 16:43:14.635 +08:00] [INFO] [server.go:102] ["prepare DG"] ["Check Primary DB orapw file"=]
[2022/05/31 16:43:15.593 +08:00] [INFO] [server.go:116] ["prepare DG"] ["Download Primary DB orapw file "=/oracle/app/oracle/product/11.2.0/db/dbs/orapwcrm]
[2022/05/31 16:43:17.318 +08:00] [INFO] [server.go:121] ["prepare DG"] ["Update Primary DB tnsnames.ora file "=/oracle/app/oracle/product/11.2.0/db/network/admin/tnsnames.ora]
[2022/05/31 16:43:18.424 +08:00] [INFO] [server.go:125] ["prepare DG"] ["Download Primary DB tnsnames.ora file "=/oracle/app/oracle/product/11.2.0/db/network/admin/tnsnames.ora]
[2022/05/31 16:43:20.488 +08:00] [INFO] [server.go:130] ["prepare DG"] ["Init standby DB tnsnames.ora file "=./network/admin/tnsnames.ora]
[2022/05/31 16:43:20.489 +08:00] [INFO] [server.go:132] ["prepare DG"] ["Init standby DB orapw file "=./dbs/orapwcrm]
[2022/05/31 16:43:20.489 +08:00] [INFO] [server.go:139] ["prepare DG"] ["Init standby DB listener.ora file "=./network/admin/tnsnames.ora]
[2022/05/31 16:43:20.541 +08:00] [INFO] [server.go:145] ["prepare DG"] ["Startup standby DB listener "="Listener starting........."]
[2022/05/31 16:43:20.596 +08:00] [INFO] [server.go:153] ["prepare DG"] ["Init standby DB pfile "="pfile initing........."]
[2022/05/31 16:43:20.640 +08:00] [INFO] [server.go:157] ["prepare DG"] ["Startup standby Instance(nomount) "=./dbs/pfilecrm]
[2022/05/31 16:43:20.699 +08:00] [INFO] [server.go:166] ["prepare DG"] ["Startup RMAN Duplicate Database From Active database "=crm]
